<?xml version="1.0" encoding="UTF-8"?>
<!-- Generated by org.testng.reporters.JUnitXMLReporter -->
<testsuite hostname="admin-PC" ignored="0" name="Default test" tests="6" failures="0" timestamp="2020-05-13T00:32:12 IST" time="35.609" errors="0">
  <testcase name="ExecuteTest" time="19.279" classname="TestCase.ExecuteDriverTest"/>
  <testcase name="ExecuteTest" time="9.165" classname="TestCase.ExecuteDriverTest"/>
  <testcase name="ExecuteTest" time="1.798" classname="TestCase.ExecuteDriverTest"/>
  <testcase name="ExecuteTest" time="0.123" classname="TestCase.ExecuteDriverTest"/>
  <testcase name="ExecuteTest" time="4.371" classname="TestCase.ExecuteDriverTest"/>
  <testcase name="ExecuteTest" time="0.079" classname="TestCase.ExecuteDriverTest"/>
</testsuite> <!-- Default test -->
