<?xml version="1.0" encoding="UTF-8"?>
<!-- Generated by org.testng.reporters.JUnitXMLReporter -->
<testsuite hostname="admin-PC" ignored="0" name="Test" tests="6" failures="0" timestamp="2020-05-13T20:55:46 IST" time="41.07" errors="0">
  <testcase name="ExecuteTest" time="28.55" classname="TestCase.ExecuteDriverTest"/>
  <testcase name="ExecuteTest" time="5.74" classname="TestCase.ExecuteDriverTest"/>
  <testcase name="ExecuteTest" time="0.341" classname="TestCase.ExecuteDriverTest"/>
  <testcase name="ExecuteTest" time="0.116" classname="TestCase.ExecuteDriverTest"/>
  <testcase name="ExecuteTest" time="3.103" classname="TestCase.ExecuteDriverTest"/>
  <testcase name="ExecuteTest" time="0.102" classname="TestCase.ExecuteDriverTest"/>
</testsuite> <!-- Test -->
