<?xml version="1.0" encoding="UTF-8"?>
<!-- Generated by org.testng.reporters.JUnitXMLReporter -->
<testsuite hostname="admin-PC" ignored="0" name="Test" tests="6" failures="0" timestamp="2020-05-13T00:22:10 IST" time="27.5" errors="0">
  <testcase name="ExecuteTest" time="17.546" classname="TestCase.ExecuteDriverTest"/>
  <testcase name="ExecuteTest" time="5.385" classname="TestCase.ExecuteDriverTest"/>
  <testcase name="ExecuteTest" time="0.324" classname="TestCase.ExecuteDriverTest"/>
  <testcase name="ExecuteTest" time="0.124" classname="TestCase.ExecuteDriverTest"/>
  <testcase name="ExecuteTest" time="3.071" classname="TestCase.ExecuteDriverTest"/>
  <testcase name="ExecuteTest" time="0.06" classname="TestCase.ExecuteDriverTest"/>
</testsuite> <!-- Test -->
